Reading netlist file: "C:\Users\alexb\Documents\ETH\impl\gwsynthesis\ETH.vg"
Parsing netlist file "C:\Users\alexb\Documents\ETH\impl\gwsynthesis\ETH.vg" completed
Processing netlist completed
Reading constraint file: "C:\Users\alexb\Documents\ETH\src\ETH.cst"
Physical Constraint parsed completed
Running placement......
[10%] Placement Phase 0 completed
[20%] Placement Phase 1 completed
[30%] Placement Phase 2 completed
[50%] Placement Phase 3 completed
Running routing......
[60%] Routing Phase 0 completed
[70%] Routing Phase 1 completed
[80%] Routing Phase 2 completed
[90%] Routing Phase 3 completed
Running timing analysis......
[95%] Timing analysis completed
Placement and routing completed
Bitstream generation in progress......
Bitstream generation completed
Running power analysis......
[100%] Power analysis completed
Generate file "C:\Users\alexb\Documents\ETH\impl\pnr\ETH.power.html" completed
Generate file "C:\Users\alexb\Documents\ETH\impl\pnr\ETH.pin.html" completed
Generate file "C:\Users\alexb\Documents\ETH\impl\pnr\ETH.rpt.html" completed
Generate file "C:\Users\alexb\Documents\ETH\impl\pnr\ETH.rpt.txt" completed
Generate file "C:\Users\alexb\Documents\ETH\impl\pnr\ETH.tr.html" completed
Tue Sep 05 21:14:12 2023

